\BOOKMARK [1][-]{Doc-Start}{\376\377\000D\000e\000c\000l\000a\000r\000a\000t\000i\000o\000n}{}% 1
\BOOKMARK [1][-]{Doc-Start}{\376\377\000L\000i\000s\000t\000\040\000o\000f\000\040\000S\000y\000m\000b\000o\000l\000s\000\040\000a\000n\000d\000\040\000A\000b\000b\000r\000e\000v\000i\000a\000t\000i\000o\000n\000s}{}% 2
\BOOKMARK [1][-]{table.1}{\376\377\000A\000b\000s\000t\000r\000a\000c\000t}{}% 3
\BOOKMARK [1][-]{section.1}{\376\377\000I\000N\000T\000R\000O\000D\000U\000C\000T\000I\000O\000N}{}% 4
\BOOKMARK [2][-]{subsection.1.1}{\376\377\000B\000a\000c\000k\000g\000r\000o\000u\000n\000d\000\040\000o\000f\000\040\000t\000h\000e\000\040\000S\000t\000u\000d\000y}{section.1}% 5
\BOOKMARK [2][-]{subsection.1.2}{\376\377\000S\000t\000a\000t\000e\000m\000e\000n\000t\000\040\000o\000f\000\040\000t\000h\000e\000\040\000P\000r\000o\000b\000l\000e\000m}{section.1}% 6
\BOOKMARK [2][-]{subsection.1.3}{\376\377\000O\000b\000j\000e\000c\000t\000i\000v\000e\000s}{section.1}% 7
\BOOKMARK [3][-]{subsubsection.1.3.1}{\376\377\000G\000e\000n\000e\000r\000a\000l\000\040\000O\000b\000j\000e\000c\000t\000i\000v\000e}{subsection.1.3}% 8
\BOOKMARK [3][-]{subsubsection.1.3.2}{\376\377\000S\000p\000e\000c\000i\000f\000i\000c\000\040\000O\000b\000j\000e\000c\000t\000i\000v\000e\000s}{subsection.1.3}% 9
\BOOKMARK [1][-]{section.2}{\376\377\000L\000I\000T\000E\000R\000A\000T\000U\000R\000E\000\040\000R\000E\000V\000I\000E\000W}{}% 10
\BOOKMARK [2][-]{subsection.2.1}{\376\377\000T\000h\000e\000o\000r\000e\000t\000i\000c\000a\000l\000\040\000F\000r\000a\000m\000e\000w\000o\000r\000k}{section.2}% 11
\BOOKMARK [2][-]{subsection.2.2}{\376\377\000R\000e\000v\000i\000e\000w\000\040\000o\000f\000\040\000R\000e\000l\000a\000t\000e\000d\000\040\000L\000i\000t\000e\000r\000a\000t\000u\000r\000e}{section.2}% 12
\BOOKMARK [2][-]{subsection.2.3}{\376\377\000R\000e\000s\000e\000a\000r\000c\000h\000\040\000G\000a\000p\000s}{section.2}% 13
\BOOKMARK [2][-]{subsection.2.4}{\376\377\000V\000a\000r\000i\000a\000b\000l\000e\000s}{section.2}% 14
\BOOKMARK [3][-]{subsubsection.2.4.1}{\376\377\000I\000n\000d\000e\000p\000e\000n\000d\000e\000n\000t\000\040\000V\000a\000r\000i\000a\000b\000l\000e\000s\000\040\000\050\000I\000n\000p\000u\000t\000s\000\051}{subsection.2.4}% 15
\BOOKMARK [3][-]{subsubsection.2.4.2}{\376\377\000D\000e\000p\000e\000n\000d\000e\000n\000t\000\040\000V\000a\000r\000i\000a\000b\000l\000e\000\040\000\050\000O\000u\000t\000p\000u\000t\000\051}{subsection.2.4}% 16
\BOOKMARK [3][-]{subsubsection.2.4.3}{\376\377\000C\000o\000n\000f\000o\000u\000n\000d\000i\000n\000g\000\040\000V\000a\000r\000i\000a\000b\000l\000e\000s}{subsection.2.4}% 17
\BOOKMARK [3][-]{subsubsection.2.4.4}{\376\377\000B\000a\000c\000k\000g\000r\000o\000u\000n\000d\000\040\000V\000a\000r\000i\000a\000b\000l\000e\000s}{subsection.2.4}% 18
\BOOKMARK [1][-]{section.3}{\376\377\000M\000E\000T\000H\000O\000D\000O\000L\000O\000G\000Y}{}% 19
\BOOKMARK [2][-]{subsection.3.1}{\376\377\000R\000e\000s\000e\000a\000r\000c\000h\000\040\000D\000e\000s\000i\000g\000n}{section.3}% 20
\BOOKMARK [2][-]{subsection.3.2}{\376\377\000D\000a\000t\000a\000\040\000S\000o\000u\000r\000c\000e\000\040\000a\000n\000d\000\040\000I\000n\000s\000t\000r\000u\000m\000e\000n\000t\000a\000t\000i\000o\000n}{section.3}% 21
\BOOKMARK [2][-]{subsection.3.3}{\376\377\000D\000a\000t\000a\000\040\000C\000o\000l\000l\000e\000c\000t\000i\000o\000n\000\040\000P\000r\000o\000c\000e\000d\000u\000r\000e}{section.3}% 22
\BOOKMARK [2][-]{subsection.3.4}{\376\377\000D\000a\000t\000a\000\040\000P\000r\000o\000c\000e\000s\000s\000i\000n\000g\000\040\000a\000n\000d\000\040\000A\000n\000a\000l\000y\000s\000i\000s}{section.3}% 23
\BOOKMARK [3][-]{subsubsection.3.4.1}{\376\377\000P\000r\000e\000p\000r\000o\000c\000e\000s\000s\000i\000n\000g\000\040\000a\000n\000d\000\040\000B\000a\000l\000a\000n\000c\000i\000n\000g}{subsection.3.4}% 24
\BOOKMARK [3][-]{subsubsection.3.4.2}{\376\377\000M\000o\000d\000e\000l\000\040\000D\000e\000v\000e\000l\000o\000p\000m\000e\000n\000t}{subsection.3.4}% 25
\BOOKMARK [3][-]{subsubsection.3.4.3}{\376\377\000G\000r\000a\000d\000i\000e\000n\000t\000\040\000B\000o\000o\000s\000t\000i\000n\000g\000\040\000F\000o\000r\000m\000u\000l\000a\000t\000i\000o\000n}{subsection.3.4}% 26
\BOOKMARK [3][-]{subsubsection.3.4.4}{\376\377\000L\000i\000g\000h\000t\000G\000B\000M\000\040\000O\000p\000t\000i\000m\000i\000z\000a\000t\000i\000o\000n\000:\000\040\000L\000e\000a\000f\000-\000w\000i\000s\000e\000\040\000G\000r\000o\000w\000t\000h}{subsection.3.4}% 27
\BOOKMARK [3][-]{subsubsection.3.4.5}{\376\377\000E\000x\000p\000l\000a\000i\000n\000a\000b\000i\000l\000i\000t\000y\000\040\000\050\000S\000H\000A\000P\000\051}{subsection.3.4}% 28
\BOOKMARK [3][-]{subsubsection.3.4.6}{\376\377\000P\000r\000o\000t\000o\000t\000y\000p\000e\000\040\000I\000m\000p\000l\000e\000m\000e\000n\000t\000a\000t\000i\000o\000n}{subsection.3.4}% 29
\BOOKMARK [1][-]{section.4}{\376\377\000E\000X\000P\000E\000C\000T\000E\000D\000\040\000R\000E\000S\000U\000L\000T\000S}{}% 30
\BOOKMARK [1][-]{section.5}{\376\377\000B\000U\000D\000G\000E\000T}{}% 31
\BOOKMARK [1][-]{section.5}{\376\377\000R\000e\000f\000e\000r\000e\000n\000c\000e\000s}{}% 32
\BOOKMARK [1][-]{section.5}{\376\377\000A\000p\000p\000e\000n\000d\000i\000c\000e\000s}{}% 33
